<?xml version="1.0" encoding="UTF-8"?>
<testng-results skipped="0" failed="0" total="1" passed="1">
  <reporter-output>
  </reporter-output>
  <suite name="Default suite" duration-ms="41478" started-at="2019-10-25T04:40:44Z" finished-at="2019-10-25T04:41:25Z">
    <groups>
    </groups>
    <test name="Default test" duration-ms="41478" started-at="2019-10-25T04:40:44Z" finished-at="2019-10-25T04:41:25Z">
      <class name="DriverFactory.AppTest">
        <test-method status="PASS" signature="ERP_Start()[pri:0, instance:DriverFactory.AppTest@148080bb]" name="ERP_Start" duration-ms="41444" started-at="2019-10-25T10:10:44Z" finished-at="2019-10-25T10:11:25Z">
          <reporter-output>
          </reporter-output>
        </test-method> <!-- ERP_Start -->
      </class> <!-- DriverFactory.AppTest -->
    </test> <!-- Default test -->
  </suite> <!-- Default suite -->
</testng-results>
